<?xml version="1.0" encoding="UTF-8" standalone="no"?>
<!DOCTYPE log SYSTEM "logger.dtd">
<log>
<record>
  <date>2019-03-28T14:35:11.443-0300</date>
  <logger>RAIANY RUFINO COSTA DA PAZ</logger>
  <level>FINE</level>
  <message>File 118110466-RAIANY RUFINO COSTA DA PAZ.zip was received. It was sent by RAIANY RUFINO COSTA DA PAZ from IP 150.165.42.216</message>
</record>
</log>
<?xml version="1.0" encoding="UTF-8" standalone="no"?>
<!DOCTYPE log SYSTEM "logger.dtd">
<log>
<record>
  <date>2019-03-28T20:00:27.396-0300</date>
  <logger>RAIANY RUFINO COSTA DA PAZ</logger>
  <level>FINE</level>
  <message>File 118110466-RAIANY RUFINO COSTA DA PAZ.zip was received. It was sent by RAIANY RUFINO COSTA DA PAZ from IP 192.168.0.104</message>
</record>
</log>
<?xml version="1.0" encoding="UTF-8" standalone="no"?>
<!DOCTYPE log SYSTEM "logger.dtd">
<log>
<record>
  <date>2019-03-28T20:39:52.797-0300</date>
  <logger>RAIANY RUFINO COSTA DA PAZ</logger>
  <level>FINE</level>
  <message>File 118110466-RAIANY RUFINO COSTA DA PAZ.zip was received. It was sent by RAIANY RUFINO COSTA DA PAZ from IP 192.168.0.104</message>
</record>
</log>
<?xml version="1.0" encoding="UTF-8" standalone="no"?>
<!DOCTYPE log SYSTEM "logger.dtd">
<log>
<record>
  <date>2019-03-28T20:41:22.070-0300</date>
  <logger>RAIANY RUFINO COSTA DA PAZ</logger>
  <level>FINE</level>
  <message>File 118110466-RAIANY RUFINO COSTA DA PAZ.zip was received. It was sent by RAIANY RUFINO COSTA DA PAZ from IP 192.168.0.104</message>
</record>
