<?xml version="1.0" encoding="UTF-8" standalone="no"?>
<!DOCTYPE log SYSTEM "logger.dtd">
<log>
<record>
  <date>2019-04-04T14:03:31.275-0300</date>
  <logger>RAIANY RUFINO COSTA DA PAZ</logger>
  <level>FINE</level>
  <message>File 118110466-RAIANY RUFINO COSTA DA PAZ.zip was received. It was sent by RAIANY RUFINO COSTA DA PAZ from IP 150.165.42.217</message>
</record>
</log>
<?xml version="1.0" encoding="UTF-8" standalone="no"?>
<!DOCTYPE log SYSTEM "logger.dtd">
<log>
<record>
  <date>2019-04-04T19:03:23.718-0300</date>
  <logger>RAIANY RUFINO COSTA DA PAZ</logger>
  <level>FINE</level>
  <message>File 118110466-RAIANY RUFINO COSTA DA PAZ.zip was received. It was sent by RAIANY RUFINO COSTA DA PAZ from IP 192.168.0.104</message>
</record>
</log>
<?xml version="1.0" encoding="UTF-8" standalone="no"?>
<!DOCTYPE log SYSTEM "logger.dtd">
<log>
<record>
  <date>2019-04-04T19:04:45.583-0300</date>
  <logger>RAIANY RUFINO COSTA DA PAZ</logger>
  <level>FINE</level>
  <message>File 118110466-RAIANY RUFINO COSTA DA PAZ.zip was received. It was sent by RAIANY RUFINO COSTA DA PAZ from IP 192.168.0.104</message>
</record>
</log>
<?xml version="1.0" encoding="UTF-8" standalone="no"?>
<!DOCTYPE log SYSTEM "logger.dtd">
<log>
<record>
  <date>2019-04-04T19:23:51.334-0300</date>
  <logger>RAIANY RUFINO COSTA DA PAZ</logger>
  <level>FINE</level>
  <message>File 118110466-RAIANY RUFINO COSTA DA PAZ.zip was received. It was sent by RAIANY RUFINO COSTA DA PAZ from IP 192.168.0.104</message>
</record>
