<?xml version="1.0" encoding="UTF-8" standalone="no"?>
<!DOCTYPE log SYSTEM "logger.dtd">
<log>
<record>
  <date>2019-04-22T16:06:12.841-0300</date>
  <logger>RAIANY RUFINO COSTA DA PAZ</logger>
  <level>FINE</level>
  <message>File 118110466-RAIANY RUFINO COSTA DA PAZ.zip was received. It was sent by RAIANY RUFINO COSTA DA PAZ from IP 150.165.42.212</message>
</record>
</log>
<?xml version="1.0" encoding="UTF-8" standalone="no"?>
<!DOCTYPE log SYSTEM "logger.dtd">
<log>
<record>
  <date>2019-04-22T21:37:00.754-0300</date>
  <logger>RAIANY RUFINO COSTA DA PAZ</logger>
  <level>FINE</level>
  <message>File 118110466-RAIANY RUFINO COSTA DA PAZ.zip was received. It was sent by RAIANY RUFINO COSTA DA PAZ from IP 192.168.0.106</message>
</record>
</log>
<?xml version="1.0" encoding="UTF-8" standalone="no"?>
<!DOCTYPE log SYSTEM "logger.dtd">
<log>
<record>
  <date>2019-04-23T00:38:19.185-0300</date>
  <logger>RAIANY RUFINO COSTA DA PAZ</logger>
  <level>FINE</level>
  <message>File 118110466-RAIANY RUFINO COSTA DA PAZ.zip was received. It was sent by RAIANY RUFINO COSTA DA PAZ from IP 192.168.1.10</message>
</record>
