<?xml version="1.0" encoding="UTF-8" standalone="no"?>
<!DOCTYPE log SYSTEM "logger.dtd">
<log>
<record>
  <date>2019-03-18T16:43:32.637-0300</date>
  <logger>RAIANY RUFINO COSTA DA PAZ</logger>
  <level>FINE</level>
  <message>File 118110466-RAIANY RUFINO COSTA DA PAZ.zip was received. It was sent by RAIANY RUFINO COSTA DA PAZ from IP 150.165.42.104</message>
</record>
</log>
<?xml version="1.0" encoding="UTF-8" standalone="no"?>
<!DOCTYPE log SYSTEM "logger.dtd">
<log>
<record>
  <date>2019-03-18T16:43:33.550-0300</date>
  <logger>RAIANY RUFINO COSTA DA PAZ</logger>
  <level>FINE</level>
  <message>File 118110466-RAIANY RUFINO COSTA DA PAZ.zip was received. It was sent by RAIANY RUFINO COSTA DA PAZ from IP 150.165.42.104</message>
</record>
</log>
<?xml version="1.0" encoding="UTF-8" standalone="no"?>
<!DOCTYPE log SYSTEM "logger.dtd">
<log>
<record>
  <date>2019-03-19T06:09:15.281-0300</date>
  <logger>RAIANY RUFINO COSTA DA PAZ</logger>
  <level>FINE</level>
  <message>File 118110466-RAIANY RUFINO COSTA DA PAZ.zip was received. It was sent by RAIANY RUFINO COSTA DA PAZ from IP 192.168.0.107</message>
</record>
